{"level":"info","message":{"body":{},"ip":"::1","method":"GET","path":"/api/products","query":{}},"timestamp":"2024-12-13T21:13:33.201Z"}
{"level":"info","message":{"body":{},"ip":"::1","method":"GET","path":"/api/products","query":{}},"timestamp":"2024-12-13T21:13:33.732Z"}
{"level":"info","message":{"body":{},"ip":"::1","method":"GET","path":"/api/products","query":{}},"timestamp":"2024-12-13T21:13:39.985Z"}
{"level":"info","message":{"body":{},"ip":"::1","method":"GET","path":"/api/products","query":{}},"timestamp":"2024-12-13T21:13:39.988Z"}
{"level":"info","message":{"body":{},"ip":"::1","method":"GET","path":"/api/orders","query":{}},"timestamp":"2024-12-13T21:13:48.455Z"}
{"level":"info","message":{"body":{},"ip":"::1","method":"GET","path":"/api/orders","query":{}},"timestamp":"2024-12-13T21:13:48.472Z"}
{"level":"info","message":{"body":{"description":"свежие яблоки ","name":"яблоко","price":"60","stock":"8"},"ip":"::1","method":"POST","path":"/api/products","query":{}},"timestamp":"2024-12-13T21:14:24.187Z"}
{"level":"info","message":{"body":{},"ip":"::1","method":"GET","path":"/api/products","query":{}},"timestamp":"2024-12-13T21:14:27.402Z"}
{"level":"info","message":{"body":{},"ip":"::1","method":"GET","path":"/api/products","query":{}},"timestamp":"2024-12-13T21:14:27.406Z"}
{"level":"info","message":{"body":{"customerName":"Покупатель","items":[{"createdAt":"2024-12-13T21:14:24.191Z","description":"свежие яблоки ","id":1,"name":"яблоко","price":"60.00","quantity":1,"stock":8,"updatedAt":"2024-12-13T21:14:24.191Z"}],"totalAmount":60},"ip":"::1","method":"POST","path":"/api/orders","query":{}},"timestamp":"2024-12-13T21:14:35.896Z"}
{"level":"info","message":{"body":{},"ip":"::1","method":"GET","path":"/api/orders","query":{}},"timestamp":"2024-12-13T21:14:38.184Z"}
{"level":"info","message":{"body":{},"ip":"::1","method":"GET","path":"/api/orders","query":{}},"timestamp":"2024-12-13T21:14:38.192Z"}
{"level":"info","message":{"body":{"description":"сочные груши ","name":"груши ","price":"80","stock":"5"},"ip":"::1","method":"POST","path":"/api/products","query":{}},"timestamp":"2024-12-13T21:15:36.135Z"}
{"level":"info","message":{"body":{},"ip":"::1","method":"GET","path":"/api/products","query":{}},"timestamp":"2024-12-13T21:15:41.087Z"}
{"level":"info","message":{"body":{},"ip":"::1","method":"GET","path":"/api/products","query":{}},"timestamp":"2024-12-13T21:15:41.093Z"}
{"level":"info","message":{"body":{"customerName":"Покупатель","items":[{"createdAt":"2024-12-13T21:15:36.149Z","description":"сочные груши ","id":2,"name":"груши","price":"80.00","quantity":5,"stock":5,"updatedAt":"2024-12-13T21:15:36.149Z"}],"totalAmount":400},"ip":"::1","method":"POST","path":"/api/orders","query":{}},"timestamp":"2024-12-13T21:16:46.921Z"}
{"level":"info","message":{"body":{},"ip":"::1","method":"GET","path":"/api/orders","query":{}},"timestamp":"2024-12-13T21:16:48.595Z"}
{"level":"info","message":{"body":{},"ip":"::1","method":"GET","path":"/api/orders","query":{}},"timestamp":"2024-12-13T21:16:48.602Z"}
{"level":"info","message":{"body":{},"ip":"::1","method":"GET","path":"/api/products","query":{}},"timestamp":"2024-12-13T21:17:24.892Z"}
{"level":"info","message":{"body":{},"ip":"::1","method":"GET","path":"/api/products","query":{}},"timestamp":"2024-12-13T21:17:24.914Z"}
{"level":"info","message":{"body":{},"ip":"::1","method":"GET","path":"/api/products","query":{}},"timestamp":"2024-12-13T21:19:35.563Z"}
{"level":"info","message":{"body":{},"ip":"::1","method":"GET","path":"/api/products","query":{}},"timestamp":"2024-12-13T21:19:35.619Z"}
{"level":"info","message":{"body":{},"ip":"::1","method":"GET","path":"/api/orders","query":{}},"timestamp":"2024-12-13T21:19:49.751Z"}
{"level":"info","message":{"body":{},"ip":"::1","method":"GET","path":"/api/orders","query":{}},"timestamp":"2024-12-13T21:19:49.767Z"}
{"level":"info","message":{"body":{},"ip":"::1","method":"GET","path":"/api/products","query":{}},"timestamp":"2024-12-13T21:19:56.285Z"}
{"level":"info","message":{"body":{},"ip":"::1","method":"GET","path":"/api/products","query":{}},"timestamp":"2024-12-13T21:19:56.288Z"}
{"level":"info","message":{"body":{},"ip":"::1","method":"GET","path":"/api-docs","query":{}},"timestamp":"2024-12-13T21:22:41.225Z"}
{"level":"info","message":{"body":{},"ip":"::1","method":"GET","path":"/api-docs","query":{}},"timestamp":"2024-12-13T21:23:04.912Z"}
{"level":"info","message":{"body":{},"ip":"::1","method":"GET","path":"/api-docs","query":{}},"timestamp":"2024-12-13T21:23:06.599Z"}
{"level":"info","message":{"body":{},"ip":"::1","method":"GET","path":"/api-docs","query":{}},"timestamp":"2024-12-13T21:24:03.282Z"}
{"level":"info","message":{"body":{},"ip":"::1","method":"GET","path":"/api/products","query":{}},"timestamp":"2024-12-13T21:24:35.621Z"}
{"level":"info","message":{"body":{},"ip":"::1","method":"GET","path":"/api/products","query":{}},"timestamp":"2024-12-13T21:24:35.888Z"}
{"level":"info","message":{"body":{},"ip":"::1","method":"GET","path":"/api/orders","query":{}},"timestamp":"2024-12-13T21:24:38.072Z"}
{"level":"info","message":{"body":{},"ip":"::1","method":"GET","path":"/api/orders","query":{}},"timestamp":"2024-12-13T21:24:38.080Z"}
{"level":"info","message":{"body":{},"ip":"::1","method":"GET","path":"/api/products","query":{}},"timestamp":"2024-12-13T21:24:40.916Z"}
{"level":"info","message":{"body":{},"ip":"::1","method":"GET","path":"/api/products","query":{}},"timestamp":"2024-12-13T21:24:40.921Z"}
{"level":"info","message":{"body":{"description":"бананы спелые ","name":"бананы ","price":"20","stock":"15"},"ip":"::1","method":"POST","path":"/api/products","query":{}},"timestamp":"2024-12-13T21:28:21.557Z"}
{"level":"info","message":{"body":{"description":"бананы ","image":"https://static.insales-cdn.com/images/products/1/2774/299748054/%D0%B1%D0%B0%D0%BD%D0%B0%D0%BD%D1%8B.jpg","name":"бананы ","price":20,"stock":20},"ip":"::1","method":"POST","path":"/api/products","query":{}},"timestamp":"2024-12-13T21:30:20.810Z"}
{"level":"info","message":{"body":{"description":"бананы ","image":"","name":"бананы ","price":20,"stock":20},"ip":"::1","method":"POST","path":"/api/products","query":{}},"timestamp":"2024-12-13T21:30:31.278Z"}
{"level":"info","message":{"body":{"description":"бананы ","image":"","name":"бананы ","price":20,"stock":20},"ip":"::1","method":"POST","path":"/api/products","query":{}},"timestamp":"2024-12-13T21:30:55.627Z"}
{"level":"info","message":{"body":{"description":"да","image":"https://static.insales-cdn.com/images/products/1/2774/299748054/%D0%B1%D0%B0%D0%BD%D0%B0%D0%BD%D1%8B.jpg","name":"бананы ","price":20,"stock":20},"ip":"::1","method":"POST","path":"/api/products","query":{}},"timestamp":"2024-12-13T21:32:00.636Z"}
{"level":"info","message":{"body":{"description":"да","image":"","name":"бананы ","price":20,"stock":20},"ip":"::1","method":"POST","path":"/api/products","query":{}},"timestamp":"2024-12-13T21:32:07.051Z"}
{"level":"info","message":{"body":{"description":"да","image":"","name":"бананы ","price":20,"stock":20},"ip":"::1","method":"POST","path":"/api/products","query":{}},"timestamp":"2024-12-13T21:32:08.285Z"}
{"level":"info","message":{"body":{"description":"да","image":"","name":"бананы ","price":20,"stock":20},"ip":"::1","method":"POST","path":"/api/products","query":{}},"timestamp":"2024-12-13T21:32:08.642Z"}
{"level":"info","message":{"body":{"description":"да","image":"","name":"бананы ","price":20,"stock":20},"ip":"::1","method":"POST","path":"/api/products","query":{}},"timestamp":"2024-12-13T21:32:08.891Z"}
{"level":"info","message":{"body":{"description":"да","image":"","name":"бананы ","price":20,"stock":20},"ip":"::1","method":"POST","path":"/api/products","query":{}},"timestamp":"2024-12-13T21:32:09.107Z"}
{"level":"info","message":{"body":{"description":"да","image":"","name":"бананы ","price":20,"stock":20},"ip":"::1","method":"POST","path":"/api/products","query":{}},"timestamp":"2024-12-13T21:32:09.309Z"}
{"level":"info","message":{"body":{"description":"да","image":"","name":"бананы ","price":20,"stock":20},"ip":"::1","method":"POST","path":"/api/products","query":{}},"timestamp":"2024-12-13T21:32:09.517Z"}
{"level":"info","message":{"body":{"description":"да","image":"","name":"бананы ","price":20,"stock":20},"ip":"::1","method":"POST","path":"/api/products","query":{}},"timestamp":"2024-12-13T21:32:09.703Z"}
{"level":"info","message":{"body":{"description":"да","image":"","name":"бананы ","price":20,"stock":20},"ip":"::1","method":"POST","path":"/api/products","query":{}},"timestamp":"2024-12-13T21:32:09.907Z"}
{"level":"info","message":{"body":{"description":"да","image":"","name":"бананы ","price":20,"stock":20},"ip":"::1","method":"POST","path":"/api/products","query":{}},"timestamp":"2024-12-13T21:32:10.136Z"}
{"level":"info","message":{"body":{"description":"да","image":"","name":"бананы ","price":20,"stock":20},"ip":"::1","method":"POST","path":"/api/products","query":{}},"timestamp":"2024-12-13T21:32:10.377Z"}
{"level":"info","message":{"body":{"description":"анана","image":"","name":"бананы","price":20,"stock":30},"ip":"::1","method":"POST","path":"/api/products","query":{}},"timestamp":"2024-12-13T21:33:10.724Z"}
{"level":"info","message":{"body":{"description":"анана","image":"","name":"бананы","price":20,"stock":30},"ip":"::1","method":"POST","path":"/api/products","query":{}},"timestamp":"2024-12-13T21:33:12.891Z"}
{"level":"info","message":{"body":{"description":"анана","image":"","name":"бананы","price":20,"stock":30},"ip":"::1","method":"POST","path":"/api/products","query":{}},"timestamp":"2024-12-13T21:33:21.540Z"}
{"level":"info","message":{"body":{"description":"бананы ","image":"","name":"бананы","price":10,"stock":20},"ip":"::1","method":"POST","path":"/api/products","query":{}},"timestamp":"2024-12-13T21:34:55.007Z"}
{"level":"info","message":{"body":{"description":"бананы ","image":"","name":"бананы","price":10,"stock":20},"ip":"::1","method":"POST","path":"/api/products","query":{}},"timestamp":"2024-12-13T21:34:56.257Z"}
{"level":"info","message":{"body":{"description":"бананы ","image":"","name":"бананы","price":10,"stock":20},"ip":"::1","method":"POST","path":"/api/products","query":{}},"timestamp":"2024-12-13T21:36:02.315Z"}
{"level":"info","message":{"body":{"description":"бананы ","image":"","name":"бананы","price":10,"stock":20},"ip":"::1","method":"POST","path":"/api/products","query":{}},"timestamp":"2024-12-13T21:36:03.240Z"}
{"level":"info","message":{"body":{"description":"бананы ","image":"","name":"бананы","price":10,"stock":20},"ip":"::1","method":"POST","path":"/api/products","query":{}},"timestamp":"2024-12-13T21:36:04.022Z"}
{"level":"info","message":{"body":{"description":"бананы ","image":"","name":"бананы","price":10,"stock":20},"ip":"::1","method":"POST","path":"/api/products","query":{}},"timestamp":"2024-12-13T21:36:04.854Z"}
{"level":"info","message":{"body":{"description":"бананы ","image":"","name":"бананы","price":10,"stock":20},"ip":"::1","method":"POST","path":"/api/products","query":{}},"timestamp":"2024-12-13T21:36:05.413Z"}
{"level":"info","message":{"body":{"description":"бананы ","image":"","name":"бананы","price":10,"stock":20},"ip":"::1","method":"POST","path":"/api/products","query":{}},"timestamp":"2024-12-13T21:36:05.637Z"}
{"level":"info","message":{"body":{"description":"бананы ","image":"","name":"бананы","price":10,"stock":20},"ip":"::1","method":"POST","path":"/api/products","query":{}},"timestamp":"2024-12-13T21:36:05.875Z"}
{"level":"info","message":{"body":{"description":"бананы ","image":"","name":"бананы","price":10,"stock":20},"ip":"::1","method":"POST","path":"/api/products","query":{}},"timestamp":"2024-12-13T21:37:34.779Z"}
{"level":"info","message":{"body":{},"ip":"::1","method":"GET","path":"/api/products","query":{}},"timestamp":"2024-12-13T21:37:36.865Z"}
{"level":"info","message":{"body":{},"ip":"::1","method":"GET","path":"/api/products","query":{}},"timestamp":"2024-12-13T21:37:36.879Z"}
{"level":"info","message":{"body":{"customerName":"Покупатель","items":[{"createdAt":"2024-12-13T21:37:34.787Z","description":"бананы","id":1,"image":null,"name":"бананы","price":"10.00","quantity":4,"stock":20,"updatedAt":"2024-12-13T21:37:34.787Z"}],"totalAmount":40},"ip":"::1","method":"POST","path":"/api/orders","query":{}},"timestamp":"2024-12-13T21:37:50.395Z"}
{"level":"info","message":{"body":{},"ip":"::1","method":"GET","path":"/api/orders","query":{}},"timestamp":"2024-12-13T21:37:50.437Z"}
{"level":"info","message":{"body":{},"ip":"::1","method":"GET","path":"/api/orders","query":{}},"timestamp":"2024-12-13T21:37:50.443Z"}
{"level":"info","message":{"body":{},"ip":"::1","method":"GET","path":"/api/products","query":{}},"timestamp":"2024-12-13T21:38:45.993Z"}
{"level":"info","message":{"body":{},"ip":"::1","method":"GET","path":"/api/products","query":{}},"timestamp":"2024-12-13T21:38:46.010Z"}
{"level":"info","message":{"body":{"description":"манго","image":"https://images.gastronom.ru/kLLcITU8ddHQS10UwxmbgnL6dhwfGEnSorFQDPRCHKY/pr:product-cover-image/g:ce/rs:auto:0:0:0/L2Ntcy9hbGwtaW1hZ2VzL2FjNjBlM2RjLThmMDItNDg3Mi1iNGI1LWJiMmNlNjg3NDJmYS5qcGc.webp","name":"манго","price":100,"stock":70},"ip":"::1","method":"POST","path":"/api/products","query":{}},"timestamp":"2024-12-13T21:39:14.098Z"}
{"level":"info","message":{"body":{},"ip":"::1","method":"GET","path":"/api/products","query":{}},"timestamp":"2024-12-13T21:39:16.146Z"}
{"level":"info","message":{"body":{},"ip":"::1","method":"GET","path":"/api/products","query":{}},"timestamp":"2024-12-13T21:39:16.151Z"}
{"level":"info","message":{"body":{},"ip":"::1","method":"GET","path":"/api/products","query":{}},"timestamp":"2024-12-13T21:39:21.018Z"}
{"level":"info","message":{"body":{},"ip":"::1","method":"GET","path":"/api/products","query":{}},"timestamp":"2024-12-13T21:39:21.020Z"}
{"level":"info","message":{"body":{},"ip":"::1","method":"GET","path":"/api/products","query":{}},"timestamp":"2024-12-13T21:43:10.722Z"}
{"level":"info","message":{"body":{},"ip":"::1","method":"GET","path":"/api/products","query":{}},"timestamp":"2024-12-13T21:43:10.764Z"}
{"level":"info","message":{"body":{},"ip":"::1","method":"GET","path":"/","query":{}},"timestamp":"2024-12-14T00:29:46.143Z"}
{"level":"info","message":{"body":{},"ip":"::1","method":"GET","path":"/","query":{}},"timestamp":"2024-12-14T00:29:48.598Z"}
{"level":"info","message":{"body":{},"ip":"::1","method":"GET","path":"/api/products","query":{}},"timestamp":"2024-12-14T00:30:10.391Z"}
{"level":"info","message":{"body":{},"ip":"::1","method":"GET","path":"/api/products","query":{}},"timestamp":"2024-12-14T00:30:10.455Z"}
{"level":"info","message":{"body":{"description":"вкусные ","image":"https://media.istockphoto.com/id/184276818/ru/%D1%84%D0%BE%D1%82%D0%BE/%D0%BA%D1%80%D0%B0%D1%81%D0%BD%D0%BE%D0%B5-%D1%8F%D0%B1%D0%BB%D0%BE%D0%BA%D0%BE.jpg?s=612x612&w=0&k=20&c=HDH3wLEAvc7soT85pAcS4JOQu5KJ8xM9JOilVe1zFLI=","name":"яблоко","price":20,"stock":30},"ip":"::1","method":"POST","path":"/api/products","query":{}},"timestamp":"2024-12-14T00:30:54.923Z"}
{"level":"info","message":{"body":{},"ip":"::1","method":"GET","path":"/api/products","query":{}},"timestamp":"2024-12-14T00:30:56.989Z"}
{"level":"info","message":{"body":{},"ip":"::1","method":"GET","path":"/api/products","query":{}},"timestamp":"2024-12-14T00:30:56.995Z"}
{"level":"info","message":{"body":{},"ip":"::1","method":"DELETE","path":"/api/products/1","query":{}},"timestamp":"2024-12-14T00:31:01.953Z"}
{"level":"info","message":{"body":{"description":"вкусное ","image":"https://media.istockphoto.com/id/184276818/ru/%D1%84%D0%BE%D1%82%D0%BE/%D0%BA%D1%80%D0%B0%D1%81%D0%BD%D0%BE%D0%B5-%D1%8F%D0%B1%D0%BB%D0%BE%D0%BA%D0%BE.jpg?s=612x612&w=0&k=20&c=HDH3wLEAvc7soT85pAcS4JOQu5KJ8xM9JOilVe1zFLI=","name":"яблоко","price":20,"stock":30},"ip":"::1","method":"POST","path":"/api/products","query":{}},"timestamp":"2024-12-14T00:31:23.901Z"}
{"level":"info","message":{"body":{},"ip":"::1","method":"GET","path":"/api/products","query":{}},"timestamp":"2024-12-14T00:31:25.959Z"}
{"level":"info","message":{"body":{},"ip":"::1","method":"GET","path":"/api/products","query":{}},"timestamp":"2024-12-14T00:31:25.966Z"}
{"level":"info","message":{"body":{"customerName":"Покупатель","items":[{"createdAt":"2024-12-14T00:31:23.906Z","description":"вкусное","id":2,"image":"https://media.istockphoto.com/id/184276818/ru/%D1%84%D0%BE%D1%82%D0%BE/%D0%BA%D1%80%D0%B0%D1%81%D0%BD%D0%BE%D0%B5-%D1%8F%D0%B1%D0%BB%D0%BE%D0%BA%D0%BE.jpg?s=612x612&w=0&k=20&c=HDH3wLEAvc7soT85pAcS4JOQu5KJ8xM9JOilVe1zFLI=","name":"яблоко","price":"20.00","quantity":4,"stock":30,"updatedAt":"2024-12-14T00:31:23.906Z"}],"totalAmount":80},"ip":"::1","method":"POST","path":"/api/orders","query":{}},"timestamp":"2024-12-14T00:31:36.834Z"}
{"level":"info","message":{"body":{},"ip":"::1","method":"GET","path":"/api/orders","query":{}},"timestamp":"2024-12-14T00:31:36.906Z"}
{"level":"info","message":{"body":{},"ip":"::1","method":"GET","path":"/api/orders","query":{}},"timestamp":"2024-12-14T00:31:36.913Z"}
{"level":"info","message":{"body":{},"ip":"::1","method":"GET","path":"/api/products","query":{}},"timestamp":"2024-12-14T00:31:44.105Z"}
{"level":"info","message":{"body":{},"ip":"::1","method":"GET","path":"/api/products","query":{}},"timestamp":"2024-12-14T00:31:44.110Z"}
{"level":"info","message":{"body":{"description":"","image":"https://encrypted-tbn0.gstatic.com/images?q=tbn:ANd9GcQRBi4T1uZtMd6ycCwFsy5MYpK7c7MGGXXDhg&s","name":"бананы","price":10,"stock":40},"ip":"::1","method":"POST","path":"/api/products","query":{}},"timestamp":"2024-12-14T00:34:19.134Z"}
{"level":"info","message":{"body":{},"ip":"::1","method":"GET","path":"/api/products","query":{}},"timestamp":"2024-12-14T00:34:21.216Z"}
{"level":"info","message":{"body":{},"ip":"::1","method":"GET","path":"/api/products","query":{}},"timestamp":"2024-12-14T00:34:21.223Z"}
{"level":"info","message":{"body":{"createdAt":"2024-12-14T00:31:23.906Z","description":"","id":2,"image":"https://media.istockphoto.com/id/184276818/ru/%D1%84%D0%BE%D1%82%D0%BE/%D0%BA%D1%80%D0%B0%D1%81%D0%BD%D0%BE%D0%B5-%D1%8F%D0%B1%D0%BB%D0%BE%D0%BA%D0%BE.jpg?s=612x612&w=0&k=20&c=HDH3wLEAvc7soT85pAcS4JOQu5KJ8xM9JOilVe1zFLI=","name":"яблоко","price":20,"stock":26,"updatedAt":"2024-12-14T00:31:36.876Z"},"ip":"::1","method":"PUT","path":"/api/products/2","query":{}},"timestamp":"2024-12-14T00:34:33.866Z"}
{"level":"info","message":{"body":{},"ip":"::1","method":"GET","path":"/api/orders","query":{}},"timestamp":"2024-12-14T00:34:49.928Z"}
{"level":"info","message":{"body":{},"ip":"::1","method":"GET","path":"/api/orders","query":{}},"timestamp":"2024-12-14T00:34:49.953Z"}
{"level":"info","message":{"body":{},"ip":"::1","method":"GET","path":"/api/products","query":{}},"timestamp":"2024-12-14T00:34:52.316Z"}
{"level":"info","message":{"body":{},"ip":"::1","method":"GET","path":"/api/products","query":{}},"timestamp":"2024-12-14T00:34:52.320Z"}
{"level":"info","message":{"body":{"customerName":"Покупатель","items":[{"createdAt":"2024-12-14T00:31:23.906Z","description":"","id":2,"image":"https://media.istockphoto.com/id/184276818/ru/%D1%84%D0%BE%D1%82%D0%BE/%D0%BA%D1%80%D0%B0%D1%81%D0%BD%D0%BE%D0%B5-%D1%8F%D0%B1%D0%BB%D0%BE%D0%BA%D0%BE.jpg?s=612x612&w=0&k=20&c=HDH3wLEAvc7soT85pAcS4JOQu5KJ8xM9JOilVe1zFLI=","name":"яблоко","price":"20.00","quantity":3,"stock":26,"updatedAt":"2024-12-14T00:34:33.868Z"}],"totalAmount":60},"ip":"::1","method":"POST","path":"/api/orders","query":{}},"timestamp":"2024-12-14T00:36:10.349Z"}
{"level":"info","message":{"body":{},"ip":"::1","method":"GET","path":"/api/orders","query":{}},"timestamp":"2024-12-14T00:36:10.438Z"}
{"level":"info","message":{"body":{},"ip":"::1","method":"GET","path":"/api/orders","query":{}},"timestamp":"2024-12-14T00:36:10.443Z"}
{"level":"info","message":{"body":{},"ip":"::1","method":"GET","path":"/","query":{}},"timestamp":"2024-12-14T00:36:17.735Z"}
{"level":"info","message":{"body":{},"ip":"::1","method":"GET","path":"/api/products","query":{}},"timestamp":"2024-12-15T17:36:40.444Z"}
{"level":"info","message":{"body":{},"ip":"::1","method":"GET","path":"/api/products","query":{}},"timestamp":"2024-12-15T17:36:40.518Z"}
{"level":"info","message":{"body":{"description":"1кг гречки с русских полей","image":"https://avatars.mds.yandex.net/i?id=de936d44ab0c868a5773b0cdad729d64_l-5229934-images-thumbs&n=13","name":"Греча","price":70,"stock":4},"ip":"::1","method":"POST","path":"/api/products","query":{}},"timestamp":"2024-12-15T17:41:59.979Z"}
{"level":"info","message":{"body":{},"ip":"::1","method":"GET","path":"/api/products","query":{}},"timestamp":"2024-12-15T17:42:02.188Z"}
{"level":"info","message":{"body":{},"ip":"::1","method":"GET","path":"/api/products","query":{}},"timestamp":"2024-12-15T17:42:02.204Z"}
{"level":"info","message":{"body":{"description":"1кг","image":"https://main-cdn.sbermegamarket.ru/big2/hlr-system/321/769/511/225/935/100063096428b0.jpg","name":"Бананы","price":145,"stock":2},"ip":"::1","method":"POST","path":"/api/products","query":{}},"timestamp":"2024-12-15T17:42:47.185Z"}
{"level":"info","message":{"body":{},"ip":"::1","method":"GET","path":"/api/products","query":{}},"timestamp":"2024-12-15T17:42:49.385Z"}
{"level":"info","message":{"body":{},"ip":"::1","method":"GET","path":"/api/products","query":{}},"timestamp":"2024-12-15T17:42:49.427Z"}
{"level":"info","message":{"body":{"customerName":"Покупатель","items":[{"createdAt":"2024-12-15T17:41:59.996Z","description":"1кг гречки с русских полей","id":1,"image":"https://avatars.mds.yandex.net/i?id=de936d44ab0c868a5773b0cdad729d64_l-5229934-images-thumbs&n=13","name":"Греча","price":"70.00","quantity":1,"stock":4,"updatedAt":"2024-12-15T17:41:59.996Z"},{"createdAt":"2024-12-15T17:42:47.192Z","description":"1кг","id":2,"image":"https://main-cdn.sbermegamarket.ru/big2/hlr-system/321/769/511/225/935/100063096428b0.jpg","name":"Бананы","price":"145.00","quantity":6,"stock":2,"updatedAt":"2024-12-15T17:42:47.192Z"}],"totalAmount":940},"ip":"::1","method":"POST","path":"/api/orders","query":{}},"timestamp":"2024-12-15T17:43:19.433Z"}
{"level":"info","message":{"body":{"customerName":"Покупатель","items":[{"createdAt":"2024-12-15T17:41:59.996Z","description":"1кг гречки с русских полей","id":1,"image":"https://avatars.mds.yandex.net/i?id=de936d44ab0c868a5773b0cdad729d64_l-5229934-images-thumbs&n=13","name":"Греча","price":"70.00","quantity":1,"stock":4,"updatedAt":"2024-12-15T17:41:59.996Z"},{"createdAt":"2024-12-15T17:42:47.192Z","description":"1кг","id":2,"image":"https://main-cdn.sbermegamarket.ru/big2/hlr-system/321/769/511/225/935/100063096428b0.jpg","name":"Бананы","price":"145.00","quantity":2,"stock":2,"updatedAt":"2024-12-15T17:42:47.192Z"}],"totalAmount":360},"ip":"::1","method":"POST","path":"/api/orders","query":{}},"timestamp":"2024-12-15T17:43:42.640Z"}
{"level":"info","message":{"body":{},"ip":"::1","method":"GET","path":"/api/orders","query":{}},"timestamp":"2024-12-15T17:43:42.901Z"}
{"level":"info","message":{"body":{},"ip":"::1","method":"GET","path":"/api/orders","query":{}},"timestamp":"2024-12-15T17:43:42.912Z"}
{"level":"info","message":{"body":{},"ip":"::1","method":"GET","path":"/api/products","query":{}},"timestamp":"2024-12-15T17:43:51.442Z"}
{"level":"info","message":{"body":{},"ip":"::1","method":"GET","path":"/api/products","query":{}},"timestamp":"2024-12-15T17:43:51.452Z"}
{"level":"info","message":{"body":{},"ip":"::1","method":"GET","path":"/api/orders","query":{}},"timestamp":"2024-12-15T17:43:56.443Z"}
{"level":"info","message":{"body":{},"ip":"::1","method":"GET","path":"/api/orders","query":{}},"timestamp":"2024-12-15T17:43:56.452Z"}
{"level":"info","message":{"body":{},"ip":"::1","method":"GET","path":"/api/products","query":{}},"timestamp":"2024-12-15T17:44:05.572Z"}
{"level":"info","message":{"body":{},"ip":"::1","method":"GET","path":"/api/products","query":{}},"timestamp":"2024-12-15T17:44:05.581Z"}
{"level":"info","message":{"body":{},"ip":"::1","method":"GET","path":"/api/products","query":{}},"timestamp":"2024-12-15T17:44:16.822Z"}
{"level":"info","message":{"body":{},"ip":"::1","method":"GET","path":"/api/products","query":{}},"timestamp":"2024-12-15T17:44:16.864Z"}
{"level":"info","message":{"body":{},"ip":"::1","method":"DELETE","path":"/api/products/2","query":{}},"timestamp":"2024-12-15T17:44:21.751Z"}
{"level":"info","message":{"body":{},"ip":"::1","method":"DELETE","path":"/api/products/1","query":{}},"timestamp":"2024-12-15T17:44:26.633Z"}
{"level":"info","message":{"body":{},"ip":"::1","method":"GET","path":"/api/orders","query":{}},"timestamp":"2024-12-15T17:44:27.561Z"}
{"level":"info","message":{"body":{},"ip":"::1","method":"GET","path":"/api/orders","query":{}},"timestamp":"2024-12-15T17:44:27.571Z"}
{"level":"info","message":{"body":{},"ip":"::1","method":"GET","path":"/api/products","query":{}},"timestamp":"2024-12-15T17:44:34.017Z"}
{"level":"info","message":{"body":{},"ip":"::1","method":"GET","path":"/api/products","query":{}},"timestamp":"2024-12-15T17:44:34.027Z"}
{"level":"info","message":{"body":{},"ip":"::1","method":"GET","path":"/api/orders","query":{}},"timestamp":"2024-12-15T17:44:36.466Z"}
{"level":"info","message":{"body":{},"ip":"::1","method":"GET","path":"/api/orders","query":{}},"timestamp":"2024-12-15T17:44:36.476Z"}
{"level":"info","message":{"body":{},"ip":"::1","method":"GET","path":"/api/orders","query":{}},"timestamp":"2024-12-15T17:44:37.500Z"}
{"level":"info","message":{"body":{},"ip":"::1","method":"GET","path":"/api/orders","query":{}},"timestamp":"2024-12-15T17:44:37.508Z"}
{"level":"info","message":{"body":{},"ip":"::1","method":"GET","path":"/api/orders","query":{}},"timestamp":"2024-12-15T17:44:39.557Z"}
{"level":"info","message":{"body":{},"ip":"::1","method":"GET","path":"/api/orders","query":{}},"timestamp":"2024-12-15T17:44:39.565Z"}
{"level":"info","message":{"body":{},"ip":"::1","method":"GET","path":"/api/products","query":{}},"timestamp":"2024-12-15T17:44:40.329Z"}
{"level":"info","message":{"body":{},"ip":"::1","method":"GET","path":"/api/products","query":{}},"timestamp":"2024-12-15T17:44:40.338Z"}
{"level":"info","message":{"body":{},"ip":"::1","method":"GET","path":"/api/products","query":{}},"timestamp":"2024-12-15T18:04:28.283Z"}
{"level":"info","message":{"body":{},"ip":"::1","method":"GET","path":"/api/products","query":{}},"timestamp":"2024-12-15T18:04:28.317Z"}
{"level":"info","message":{"body":{},"ip":"::1","method":"GET","path":"/api/orders","query":{}},"timestamp":"2024-12-15T18:04:33.638Z"}
{"level":"info","message":{"body":{},"ip":"::1","method":"GET","path":"/api/orders","query":{}},"timestamp":"2024-12-15T18:04:33.648Z"}
{"level":"info","message":{"body":{},"ip":"::1","method":"GET","path":"/api/products","query":{}},"timestamp":"2024-12-16T21:35:20.033Z"}
{"level":"info","message":{"body":{},"ip":"::1","method":"GET","path":"/api/products","query":{}},"timestamp":"2024-12-16T21:35:20.081Z"}
{"level":"info","message":{"body":{"description":"1кг","image":"https://avatars.mds.yandex.net/i?id=f908b14561a28338b1bc998be2290751_l-5233563-images-thumbs&n=13","name":"Мандарины","price":150,"stock":5},"ip":"::1","method":"POST","path":"/api/products","query":{}},"timestamp":"2024-12-16T23:12:43.748Z"}
{"level":"info","message":{"body":{},"ip":"::1","method":"GET","path":"/api/products","query":{}},"timestamp":"2024-12-16T23:12:45.968Z"}
{"level":"info","message":{"body":{},"ip":"::1","method":"GET","path":"/api/products","query":{}},"timestamp":"2024-12-16T23:12:45.984Z"}
{"level":"info","message":{"body":{"customerName":"Покупатель","items":[{"createdAt":"2024-12-16T23:12:43.777Z","description":"1кг","id":3,"image":"https://avatars.mds.yandex.net/i?id=f908b14561a28338b1bc998be2290751_l-5233563-images-thumbs&n=13","name":"Мандарины","price":"150.00","quantity":1,"stock":5,"updatedAt":"2024-12-16T23:12:43.777Z"}],"totalAmount":150},"ip":"::1","method":"POST","path":"/api/orders","query":{}},"timestamp":"2024-12-16T23:15:30.138Z"}
{"level":"info","message":{"body":{},"ip":"::1","method":"GET","path":"/api/orders","query":{}},"timestamp":"2024-12-16T23:15:30.382Z"}
{"level":"info","message":{"body":{},"ip":"::1","method":"GET","path":"/api/orders","query":{}},"timestamp":"2024-12-16T23:15:30.414Z"}
{"level":"info","message":{"body":{},"ip":"::1","method":"GET","path":"/api/products","query":{}},"timestamp":"2024-12-16T23:16:46.815Z"}
{"level":"info","message":{"body":{},"ip":"::1","method":"GET","path":"/api/products","query":{}},"timestamp":"2024-12-16T23:16:46.851Z"}
{"level":"info","message":{"body":{},"ip":"::1","method":"GET","path":"/api/products","query":{}},"timestamp":"2024-12-16T23:18:56.427Z"}
{"level":"info","message":{"body":{},"ip":"::1","method":"GET","path":"/api/products","query":{}},"timestamp":"2024-12-16T23:18:56.464Z"}
